{"D:\\code\\techbaseVN\\challenge-techbasevn\\src\\components\\AppCovid\\Base\\Base.ts": {"path":"D:\\code\\techbaseVN\\challenge-techbasevn\\src\\components\\AppCovid\\Base\\Base.ts","statementMap":{"0":{"start":{"line":1,"column":0},"end":{"line":1,"column":null}},"1":{"start":{"line":2,"column":0},"end":{"line":2,"column":null}},"2":{"start":{"line":4,"column":0},"end":{"line":4,"column":null}},"3":{"start":{"line":5,"column":9},"end":{"line":5,"column":17}},"4":{"start":{"line":7,"column":20},"end":{"line":7,"column":24}},"5":{"start":{"line":8,"column":16},"end":{"line":8,"column":23}},"6":{"start":{"line":9,"column":18},"end":{"line":9,"column":null}},"7":{"start":{"line":10,"column":17},"end":{"line":10,"column":24}},"8":{"start":{"line":11,"column":4},"end":{"line":11,"column":11}},"9":{"start":{"line":4,"column":21},"end":{"line":4,"column":25}}},"fnMap":{"0":{"name":"(anonymous_0)","decl":{"start":{"line":4,"column":0},"end":{"line":4,"column":21}},"loc":{"start":{"line":4,"column":0},"end":{"line":13,"column":null}}},"1":{"name":"(anonymous_1)","decl":{"start":{"line":6,"column":9},"end":{"line":6,"column":20}},"loc":{"start":{"line":6,"column":30},"end":{"line":12,"column":null}}}},"branchMap":{"0":{"loc":{"start":{"line":11,"column":54},"end":{"line":11,"column":68}},"type":"cond-expr","locations":[{"start":{"line":11,"column":54},"end":{"line":11,"column":68}},{"start":{"line":11,"column":68},"end":{"line":11,"column":78}}]},"1":{"loc":{"start":{"line":11,"column":112},"end":{"line":11,"column":124}},"type":"cond-expr","locations":[{"start":{"line":11,"column":112},"end":{"line":11,"column":124}},{"start":{"line":11,"column":124},"end":{"line":11,"column":132}}]}},"s":{"0":1,"1":1,"2":1,"3":1,"4":1,"5":1,"6":1,"7":1,"8":1,"9":2},"f":{"0":1,"1":1},"b":{"0":[0,1],"1":[0,1]}}
}
